<?xml version="1.0" encoding="UTF-8" ?>
<<<<<<< HEAD
<testsuite errors="0" failures="0" hostname="Ken-PC" name="movierental.CustomerTests" tests="1" time="0.265" timestamp="2013-03-26T05:59:51">
  <properties />
  <testcase classname="movierental.CustomerTests" name="testSomething" time="0.125" />
=======
<testsuite errors="0" failures="0" hostname="Budoy" name="movierental.CustomerTests" tests="1" time="0.357" timestamp="2013-03-25T05:38:48">
  <properties />
  <testcase classname="movierental.CustomerTests" name="testSomething" time="0.131" />
>>>>>>> 1a6d97f912a0ed6ec36fea4c2115715844aa52ac
  <system-out><![CDATA[--Output from testSomething--
]]></system-out>
  <system-err><![CDATA[--Output from testSomething--
]]></system-err>
</testsuite>
