<?xml version="1.0" encoding="UTF-8" ?>
<<<<<<< HEAD
<testsuite errors="0" failures="0" hostname="Ken-PC" name="movierental.MovieTests" tests="1" time="1.045" timestamp="2013-03-26T05:59:51">
  <properties />
  <testcase classname="movierental.MovieTests" name="testSomething" time="0.998" />
=======
<testsuite errors="0" failures="0" hostname="Budoy" name="movierental.MovieTests" tests="1" time="0.395" timestamp="2013-03-25T05:38:49">
  <properties />
  <testcase classname="movierental.MovieTests" name="testSomething" time="0.139" />
>>>>>>> 1a6d97f912a0ed6ec36fea4c2115715844aa52ac
  <system-out><![CDATA[--Output from testSomething--
]]></system-out>
  <system-err><![CDATA[--Output from testSomething--
]]></system-err>
</testsuite>
