<?xml version="1.0" encoding="UTF-8" ?>
<<<<<<< HEAD
<testsuite errors="0" failures="0" hostname="Ken-PC" name="movierental.RequestTests" tests="1" time="0.218" timestamp="2013-03-26T05:59:53">
  <properties />
  <testcase classname="movierental.RequestTests" name="testSomething" time="0.094" />
=======
<testsuite errors="0" failures="0" hostname="Budoy" name="movierental.RequestTests" tests="1" time="0.232" timestamp="2013-03-25T05:38:50">
  <properties />
  <testcase classname="movierental.RequestTests" name="testSomething" time="0.107" />
>>>>>>> 1a6d97f912a0ed6ec36fea4c2115715844aa52ac
  <system-out><![CDATA[--Output from testSomething--
]]></system-out>
  <system-err><![CDATA[--Output from testSomething--
]]></system-err>
</testsuite>
