<?xml version="1.0" encoding="UTF-8" ?>
<testsuite errors="0" failures="0" hostname="Budoy" name="movierental.TransactionTests" tests="1" time="0.119" timestamp="2013-03-25T05:38:50">
  <properties />
  <testcase classname="movierental.TransactionTests" name="testSomething" time="0.116" />
  <system-out><![CDATA[--Output from testSomething--
]]></system-out>
  <system-err><![CDATA[--Output from testSomething--
]]></system-err>
</testsuite>
