<?xml version="1.0" encoding="UTF-8" ?>
<testsuite errors="0" failures="0" hostname="Ken-PC" name="movierental.AccountControllerTests" tests="1" time="4.072" timestamp="2013-03-26T05:59:41">
  <properties />
  <testcase classname="movierental.AccountControllerTests" name="testSomething" time="3.448" />
  <system-out><![CDATA[--Output from testSomething--
]]></system-out>
  <system-err><![CDATA[--Output from testSomething--
]]></system-err>
</testsuite>
