<?xml version="1.0" encoding="UTF-8" ?>
<testsuite errors="0" failures="0" hostname="Ken-PC" name="movierental.MainControllerTests" tests="1" time="0.328" timestamp="2013-03-26T05:59:51">
  <properties />
  <testcase classname="movierental.MainControllerTests" name="testSomething" time="0.218" />
  <system-out><![CDATA[--Output from testSomething--
]]></system-out>
  <system-err><![CDATA[--Output from testSomething--
]]></system-err>
</testsuite>
