<?xml version="1.0" encoding="UTF-8" ?>
<<<<<<< HEAD
<testsuite errors="0" failures="0" hostname="Ken-PC" name="movierental.AccountControllerTests" tests="1" time="4.072" timestamp="2013-03-26T05:59:41">
  <properties />
  <testcase classname="movierental.AccountControllerTests" name="testSomething" time="3.448" />
=======
<testsuite errors="0" failures="0" hostname="Budoy" name="movierental.AccountControllerTests" tests="1" time="2.051" timestamp="2013-03-25T05:38:44">
  <properties />
  <testcase classname="movierental.AccountControllerTests" name="testSomething" time="1.754" />
>>>>>>> 1a6d97f912a0ed6ec36fea4c2115715844aa52ac
  <system-out><![CDATA[--Output from testSomething--
]]></system-out>
  <system-err><![CDATA[--Output from testSomething--
]]></system-err>
</testsuite>
