<?xml version="1.0" encoding="UTF-8" ?>
<<<<<<< HEAD
<testsuite errors="0" failures="0" hostname="Ken-PC" name="movierental.RentedMovieControllerTests" tests="1" time="0.172" timestamp="2013-03-26T05:59:53">
  <properties />
  <testcase classname="movierental.RentedMovieControllerTests" name="testSomething" time="0.0" />
=======
<testsuite errors="0" failures="0" hostname="Budoy" name="movierental.RentedMovieControllerTests" tests="1" time="0.4" timestamp="2013-03-25T05:38:49">
  <properties />
  <testcase classname="movierental.RentedMovieControllerTests" name="testSomething" time="0.277" />
>>>>>>> 1a6d97f912a0ed6ec36fea4c2115715844aa52ac
  <system-out><![CDATA[--Output from testSomething--
]]></system-out>
  <system-err><![CDATA[--Output from testSomething--
]]></system-err>
</testsuite>
