<?xml version="1.0" encoding="UTF-8" ?>
<<<<<<< HEAD
<testsuite errors="0" failures="0" hostname="Ken-PC" name="movierental.AccountTests" tests="1" time="2.605" timestamp="2013-03-26T05:59:46">
  <properties />
  <testcase classname="movierental.AccountTests" name="testSomething" time="1.95" />
=======
<testsuite errors="0" failures="0" hostname="Budoy" name="movierental.AccountTests" tests="1" time="0.767" timestamp="2013-03-25T05:38:46">
  <properties />
  <testcase classname="movierental.AccountTests" name="testSomething" time="0.621" />
>>>>>>> 1a6d97f912a0ed6ec36fea4c2115715844aa52ac
  <system-out><![CDATA[--Output from testSomething--
]]></system-out>
  <system-err><![CDATA[--Output from testSomething--
]]></system-err>
</testsuite>
