<?xml version="1.0" encoding="UTF-8" ?>
<testsuite errors="0" failures="0" hostname="Ken-PC" name="movierental.RentedMovieTests" tests="1" time="0.218" timestamp="2013-03-26T05:59:53">
  <properties />
  <testcase classname="movierental.RentedMovieTests" name="testSomething" time="0.109" />
  <system-out><![CDATA[--Output from testSomething--
]]></system-out>
  <system-err><![CDATA[--Output from testSomething--
]]></system-err>
</testsuite>
