<?xml version="1.0" encoding="UTF-8" ?>
<testsuite errors="0" failures="0" hostname="Budoy" name="movierental.ClerkControllerTests" tests="1" time="0.56" timestamp="2013-03-25T05:38:47">
  <properties />
  <testcase classname="movierental.ClerkControllerTests" name="testSomething" time="0.395" />
  <system-out><![CDATA[--Output from testSomething--
]]></system-out>
  <system-err><![CDATA[--Output from testSomething--
]]></system-err>
</testsuite>
